{
"contracts\\GovernanceToken.sol":{"l":{"11":1},"path":"D:\\Education\\EatTheBlocks\\PRO\\DeFi-Dev-Mastery\\defi-dev-studies\\liquidity-mining\\contracts\\GovernanceToken.sol","s":{"1":1},"b":{},"f":{"1":5,"2":1},"fnMap":{"1":{"name":"constructor","line":8,"loc":{"start":{"line":8,"column":2},"end":{"line":8,"column":60}}},"2":{"name":"mint","line":10,"loc":{"start":{"line":10,"column":2},"end":{"line":12,"column":2}}}},"statementMap":{"1":{"start":{"line":11,"column":4},"end":{"line":11,"column":20}}},"branchMap":{}},
"contracts\\LpToken.sol":{"l":{},"path":"D:\\Education\\EatTheBlocks\\PRO\\DeFi-Dev-Mastery\\defi-dev-studies\\liquidity-mining\\contracts\\LpToken.sol","s":{},"b":{},"f":{"1":3},"fnMap":{"1":{"name":"constructor","line":7,"loc":{"start":{"line":7,"column":2},"end":{"line":7,"column":42}}}},"statementMap":{},"branchMap":{}},
"contracts\\UnderlyingToken.sol":{"l":{"10":1},"path":"D:\\Education\\EatTheBlocks\\PRO\\DeFi-Dev-Mastery\\defi-dev-studies\\liquidity-mining\\contracts\\UnderlyingToken.sol","s":{"1":1},"b":{},"f":{"1":5,"2":1},"fnMap":{"1":{"name":"constructor","line":7,"loc":{"start":{"line":7,"column":2},"end":{"line":7,"column":42}}},"2":{"name":"faucet","line":9,"loc":{"start":{"line":9,"column":2},"end":{"line":11,"column":2}}}},"statementMap":{"1":{"start":{"line":10,"column":4},"end":{"line":10,"column":20}}},"branchMap":{}}}
