TN:
SF:D:\Education\EatTheBlocks\PRO\DeFi-Dev-Mastery\defi-dev-studies\liquidity-mining\contracts\GovernanceToken.sol
FN:8,constructor
FN:10,mint
FNF:2
FNH:2
FNDA:5,constructor
FNDA:1,mint
DA:11,1
LF:1
LH:1
BRF:0
BRH:0
end_of_record
TN:
SF:D:\Education\EatTheBlocks\PRO\DeFi-Dev-Mastery\defi-dev-studies\liquidity-mining\contracts\LpToken.sol
FN:7,constructor
FNF:1
FNH:1
FNDA:3,constructor
LF:0
LH:0
BRF:0
BRH:0
end_of_record
TN:
SF:D:\Education\EatTheBlocks\PRO\DeFi-Dev-Mastery\defi-dev-studies\liquidity-mining\contracts\UnderlyingToken.sol
FN:7,constructor
FN:9,faucet
FNF:2
FNH:2
FNDA:5,constructor
FNDA:1,faucet
DA:10,1
LF:1
LH:1
BRF:0
BRH:0
end_of_record
